2026-03-23 08:51:26,030 - __main__ - INFO - MuJoCo已安装
2026-03-23 08:51:26,030 - __main__ - INFO - 加载Go2模型: /home/yuan/dog/venv_yolo_follow/src/model/go2_mujoco.xml
2026-03-23 08:51:26,031 - __main__ - ERROR - 初始化失败: XML Error: Schema violation: unrecognized attribute: 'gearratio'
Element 'motor', line 10

2026-03-23 08:51:26,031 - __main__ - ERROR - 初始化失败，无法运行
2026-03-23 08:52:25,647 - __main__ - INFO - MuJoCo已安装
2026-03-23 08:52:25,647 - __main__ - INFO - 加载Go2模型: /home/yuan/dog/venv_yolo_follow/src/model/go2_mujoco.xml
2026-03-23 08:52:25,648 - __main__ - ERROR - 初始化失败: XML Error: Schema violation: unrecognized attribute: 'gearratio'
Element 'motor', line 10

2026-03-23 08:52:25,648 - __main__ - ERROR - 初始化失败，无法运行
2026-03-23 08:52:25,648 - __main__ - INFO - 加载Go2模型: /home/yuan/dog/venv_yolo_follow/src/model/go2_mujoco.xml
2026-03-23 08:52:25,649 - __main__ - ERROR - 初始化失败: XML Error: Schema violation: unrecognized attribute: 'gearratio'
Element 'motor', line 10

2026-03-23 08:52:25,649 - __main__ - ERROR - 初始化失败，无法运行
2026-03-23 08:52:40,911 - __main__ - INFO - MuJoCo已安装
2026-03-23 08:52:40,911 - __main__ - INFO - 加载Go2模型: /home/yuan/dog/venv_yolo_follow/src/model/go2_mujoco.xml
2026-03-23 08:52:40,912 - __main__ - ERROR - 初始化失败: XML Error: Schema violation: unrecognized attribute: 'effort'
Element 'joint', line 122

2026-03-23 08:52:40,912 - __main__ - ERROR - 初始化失败，无法运行
2026-03-23 08:52:40,912 - __main__ - INFO - 加载Go2模型: /home/yuan/dog/venv_yolo_follow/src/model/go2_mujoco.xml
2026-03-23 08:52:40,913 - __main__ - ERROR - 初始化失败: XML Error: Schema violation: unrecognized attribute: 'effort'
Element 'joint', line 122

2026-03-23 08:52:40,913 - __main__ - ERROR - 初始化失败，无法运行
2026-03-23 08:53:56,861 - __main__ - INFO - MuJoCo已安装
2026-03-23 08:53:56,861 - __main__ - INFO - 加载Go2模型: /home/yuan/dog/venv_yolo_follow/src/model/go2_mujoco.xml
2026-03-23 08:53:56,861 - __main__ - ERROR - 初始化失败: ParseXML: empty file '/home/yuan/dog/venv_yolo_follow/src/model/go2_mujoco.xml'
2026-03-23 08:53:56,861 - __main__ - ERROR - 初始化失败，无法运行
2026-03-23 08:53:56,861 - __main__ - INFO - 加载Go2模型: /home/yuan/dog/venv_yolo_follow/src/model/go2_mujoco.xml
2026-03-23 08:53:56,861 - __main__ - ERROR - 初始化失败: ParseXML: empty file '/home/yuan/dog/venv_yolo_follow/src/model/go2_mujoco.xml'
2026-03-23 08:53:56,861 - __main__ - ERROR - 初始化失败，无法运行
2026-03-23 09:01:25,741 - __main__ - INFO - MuJoCo已安装
2026-03-23 09:01:25,741 - __main__ - INFO - 加载Go2模型: /home/yuan/dog/venv_yolo_follow/src/model/go2_mujoco.xml
2026-03-23 09:01:25,741 - __main__ - ERROR - 初始化失败: XML parse error 14:
Error=XML_ERROR_MISMATCHED_ELEMENT ErrorID=14 (0xe) Line number=75: XMLElement name=body

2026-03-23 09:01:25,741 - __main__ - ERROR - 初始化失败，无法运行
2026-03-23 09:01:25,741 - __main__ - INFO - 加载Go2模型: /home/yuan/dog/venv_yolo_follow/src/model/go2_mujoco.xml
2026-03-23 09:01:25,741 - __main__ - ERROR - 初始化失败: XML parse error 14:
Error=XML_ERROR_MISMATCHED_ELEMENT ErrorID=14 (0xe) Line number=75: XMLElement name=body

2026-03-23 09:01:25,742 - __main__ - ERROR - 初始化失败，无法运行
2026-03-23 09:03:48,717 - __main__ - INFO - MuJoCo已安装
2026-03-23 09:03:48,717 - __main__ - INFO - 加载Go2模型: /home/yuan/dog/venv_yolo_follow/src/model/go2_mujoco.xml
2026-03-23 09:03:48,717 - __main__ - ERROR - 初始化失败: XML parse error 14:
Error=XML_ERROR_MISMATCHED_ELEMENT ErrorID=14 (0xe) Line number=75: XMLElement name=body

2026-03-23 09:03:48,718 - __main__ - ERROR - 初始化失败，无法运行
2026-03-23 09:03:48,718 - __main__ - INFO - 加载Go2模型: /home/yuan/dog/venv_yolo_follow/src/model/go2_mujoco.xml
2026-03-23 09:03:48,718 - __main__ - ERROR - 初始化失败: XML parse error 14:
Error=XML_ERROR_MISMATCHED_ELEMENT ErrorID=14 (0xe) Line number=75: XMLElement name=body

2026-03-23 09:03:48,718 - __main__ - ERROR - 初始化失败，无法运行
2026-03-23 09:04:49,104 - __main__ - INFO - MuJoCo已安装
2026-03-23 09:04:49,104 - __main__ - INFO - 加载Go2模型: /home/yuan/dog/venv_yolo_follow/src/model/go2_mujoco.xml
2026-03-23 09:04:49,105 - __main__ - ERROR - 初始化失败: XML parse error 14:
Error=XML_ERROR_MISMATCHED_ELEMENT ErrorID=14 (0xe) Line number=76: XMLElement name=body

2026-03-23 09:04:49,105 - __main__ - ERROR - 初始化失败，无法运行
2026-03-23 09:04:49,105 - __main__ - INFO - 加载Go2模型: /home/yuan/dog/venv_yolo_follow/src/model/go2_mujoco.xml
2026-03-23 09:04:49,105 - __main__ - ERROR - 初始化失败: XML parse error 14:
Error=XML_ERROR_MISMATCHED_ELEMENT ErrorID=14 (0xe) Line number=76: XMLElement name=body

2026-03-23 09:04:49,105 - __main__ - ERROR - 初始化失败，无法运行
2026-03-23 09:05:08,883 - __main__ - INFO - MuJoCo已安装
2026-03-23 09:05:08,884 - __main__ - INFO - 加载Go2模型: /home/yuan/dog/venv_yolo_follow/src/model/go2_mujoco.xml
2026-03-23 09:05:08,884 - __main__ - ERROR - 初始化失败: XML parse error 14:
Error=XML_ERROR_MISMATCHED_ELEMENT ErrorID=14 (0xe) Line number=75: XMLElement name=body

2026-03-23 09:05:08,884 - __main__ - ERROR - 初始化失败，无法运行
2026-03-23 09:05:08,884 - __main__ - INFO - 加载Go2模型: /home/yuan/dog/venv_yolo_follow/src/model/go2_mujoco.xml
2026-03-23 09:05:08,884 - __main__ - ERROR - 初始化失败: XML parse error 14:
Error=XML_ERROR_MISMATCHED_ELEMENT ErrorID=14 (0xe) Line number=75: XMLElement name=body

2026-03-23 09:05:08,884 - __main__ - ERROR - 初始化失败，无法运行
2026-03-23 09:11:45,646 - __main__ - INFO - MuJoCo已安装
2026-03-23 09:11:45,647 - __main__ - ERROR - 模型文件不存在: /home/yuan/dog/venv_yolo_follow/src/model/go2_mujoco.xml
2026-03-23 09:11:45,647 - __main__ - ERROR - 初始化失败，无法运行
2026-03-23 09:11:45,647 - __main__ - ERROR - 模型文件不存在: /home/yuan/dog/venv_yolo_follow/src/model/go2_mujoco.xml
2026-03-23 09:11:45,647 - __main__ - ERROR - 初始化失败，无法运行
2026-03-23 09:12:28,853 - __main__ - INFO - MuJoCo已安装
2026-03-23 09:12:28,853 - __main__ - INFO - 加载Go2模型: /home/yuan/dog/venv_yolo_follow/src/model/go2.xml
2026-03-23 09:12:28,856 - __main__ - ERROR - 初始化失败: Error: Error opening file 'assets/base_4.obj'
2026-03-23 09:12:28,856 - __main__ - ERROR - 初始化失败，无法运行
2026-03-23 09:12:28,856 - __main__ - INFO - 加载Go2模型: /home/yuan/dog/venv_yolo_follow/src/model/go2.xml
2026-03-23 09:12:28,858 - __main__ - ERROR - 初始化失败: Error: Error opening file 'assets/base_0.obj'
2026-03-23 09:12:28,858 - __main__ - ERROR - 初始化失败，无法运行
2026-03-23 09:12:54,540 - __main__ - INFO - MuJoCo已安装
2026-03-23 09:12:54,540 - __main__ - INFO - 加载Go2模型: /home/yuan/dog/venv_yolo_follow/src/model/go2.xml
2026-03-23 09:12:54,543 - __main__ - ERROR - 初始化失败: Error: Error opening file '/home/yuan/dog/go2_description/dae/base_0.obj'
2026-03-23 09:12:54,543 - __main__ - ERROR - 初始化失败，无法运行
2026-03-23 09:12:54,544 - __main__ - INFO - 加载Go2模型: /home/yuan/dog/venv_yolo_follow/src/model/go2.xml
2026-03-23 09:12:54,546 - __main__ - ERROR - 初始化失败: Error: Error opening file '/home/yuan/dog/go2_description/dae/base_4.obj'
2026-03-23 09:12:54,547 - __main__ - ERROR - 初始化失败，无法运行
2026-03-23 09:13:35,670 - __main__ - INFO - MuJoCo已安装
2026-03-23 09:13:35,670 - __main__ - INFO - 加载Go2模型: /home/yuan/dog/venv_yolo_follow/src/model/go2.xml
2026-03-23 09:13:35,672 - __main__ - ERROR - 初始化失败: Error: mesh 'base_0' not found in geom 0
Element name '', id 0, line 59
2026-03-23 09:13:35,672 - __main__ - ERROR - 初始化失败，无法运行
2026-03-23 09:13:35,672 - __main__ - INFO - 加载Go2模型: /home/yuan/dog/venv_yolo_follow/src/model/go2.xml
2026-03-23 09:13:35,673 - __main__ - ERROR - 初始化失败: Error: mesh 'base_0' not found in geom 0
Element name '', id 0, line 59
2026-03-23 09:13:35,673 - __main__ - ERROR - 初始化失败，无法运行
2026-03-23 09:32:15,168 - __main__ - INFO - MuJoCo已安装
2026-03-23 09:32:15,168 - __main__ - INFO - 加载Go2模型: /home/yuan/dog/venv_yolo_follow/src/model/go2.xml
2026-03-23 09:32:15,170 - __main__ - ERROR - 初始化失败: Error: mesh 'base_0' not found in geom 0
Element name '', id 0, line 59
2026-03-23 09:32:15,170 - __main__ - ERROR - 初始化失败，无法运行
2026-03-23 09:32:15,170 - __main__ - INFO - 加载Go2模型: /home/yuan/dog/venv_yolo_follow/src/model/go2.xml
2026-03-23 09:32:15,171 - __main__ - ERROR - 初始化失败: Error: mesh 'base_0' not found in geom 0
Element name '', id 0, line 59
2026-03-23 09:32:15,171 - __main__ - ERROR - 初始化失败，无法运行
2026-03-23 09:32:33,810 - __main__ - INFO - MuJoCo已安装
2026-03-23 09:32:33,810 - __main__ - ERROR - 模型文件不存在: /home/yuan/dog/venv_yolo_follow/src/model/go2_simple.xml
2026-03-23 09:32:33,810 - __main__ - ERROR - 初始化失败，无法运行
2026-03-23 09:32:33,810 - __main__ - ERROR - 模型文件不存在: /home/yuan/dog/venv_yolo_follow/src/model/go2_simple.xml
2026-03-23 09:32:33,810 - __main__ - ERROR - 初始化失败，无法运行
2026-03-23 09:47:04,275 - __main__ - INFO - MuJoCo已安装
2026-03-23 09:47:04,276 - __main__ - INFO - 加载Go2模型: /home/yuan/dog/venv_yolo_follow/src/model/scene_with_human.xml
2026-03-23 09:47:04,276 - __main__ - ERROR - 初始化失败: XML Error: Error opening file 'go2.xml'
Element 'include', line 3

2026-03-23 09:47:04,276 - __main__ - ERROR - 初始化失败，无法运行
2026-03-23 09:47:04,276 - __main__ - INFO - 加载Go2模型: /home/yuan/dog/venv_yolo_follow/src/model/scene_with_human.xml
2026-03-23 09:47:04,277 - __main__ - ERROR - 初始化失败: XML Error: Error opening file 'go2.xml'
Element 'include', line 3

2026-03-23 09:47:04,277 - __main__ - ERROR - 初始化失败，无法运行
